C51 COMPILER V9.01   MAIN                                                                  08/21/2023 22:21:48 PAGE 1   


C51 COMPILER V9.01, COMPILATION OF MODULE MAIN
OBJECT MODULE PLACED IN main.OBJ
COMPILER INVOKED BY: C:\Keil\C51\BIN\C51.EXE main.c BROWSE INCDIR(..\Lib) DEBUG OBJECTEXTEND

line level    source

   1          #include"Delay.h"
   2          #include"main.h"
   3          
   4          void Delay_ms_tim0(unsigned int t)
   5          {
   6   1              do{
   7   2                      TL0 = 0x18;     // XOA 2 THANH GHI TIMER
   8   2                      TH0 = 0xFC;
   9   2                      TR0 = 1;        // CHO PHEP TIM0 HOATJ DONG
  10   2                      while(!TF0);
  11   2                      TR0 = 0;        // tim 0 ngung dem
  12   2                      TF0 = 0;
  13   2                      t--;
  14   2              }while(t>0);
  15   1              
  16   1      }
  17          void main()
  18          {
  19   1              TMOD &= 0xF0;   //xoa cac bit tren thanh ghi TMOD cua T0
  20   1              TMOD |= 0x01;   //chon mode 1 cho tim0
  21   1              while(1)
  22   1              {
  23   2                       P2_0 = !P2_0;
  24   2                       Delay_ms_tim0(1000);
  25   2              }
  26   1      }


MODULE INFORMATION:   STATIC OVERLAYABLE
   CODE SIZE        =     47    ----
   CONSTANT SIZE    =   ----    ----
   XDATA SIZE       =   ----    ----
   PDATA SIZE       =   ----    ----
   DATA SIZE        =   ----    ----
   IDATA SIZE       =   ----    ----
   BIT SIZE         =   ----    ----
END OF MODULE INFORMATION.


C51 COMPILATION COMPLETE.  0 WARNING(S),  0 ERROR(S)
