C51 COMPILER V9.01   MAIN                                                                  08/29/2023 04:30:59 PAGE 1   


C51 COMPILER V9.01, COMPILATION OF MODULE MAIN
OBJECT MODULE PLACED IN main.OBJ
COMPILER INVOKED BY: C:\Keil\C51\BIN\C51.EXE main.c OMF2 BROWSE INCDIR(..\uart) DEBUG

line level    source

   1          #include <main.h>
   2          #include "..\Lib\Delay.h"
   3          #include "..\Lib\Uart.h"
   4          
   5          void main()
   6          {
   7   1              char read[20];
   8   1              int i;
   9   1              uart_init();
  10   1              while(1)
  11   1              {
  12   2                      
  13   2                      if(UART_READY())
  14   2                      {
  15   3                              i = 0;
  16   3                              do
  17   3                              {
  18   4                                      read[i] = uart_read();
  19   4                                      Delay_ms(10);
  20   4                              }while(UART_READY());
  21   3                              
  22   3                              uart_write_string(read);        
  23   3                      }
  24   2                      
  25   2                      //Delay_ms(500);
  26   2      //              if(P1_0 == 0)
  27   2      //              {
  28   2      //                      Delay_ms(20);
  29   2      //                      uart_write(0x01);
  30   2      //                      while(P1_0 == 0);
  31   2      //              }
  32   2      //              if(P1_1 == 0)
  33   2      //              {
  34   2      //                      Delay_ms(20);
  35   2      //                      uart_write(0x02);
  36   2      //                      while(P1_1 == 0);
  37   2      //              }
  38   2              }
  39   1      }


MODULE INFORMATION:   STATIC OVERLAYABLE
   CODE SIZE        =     47    ----
   CONSTANT SIZE    =   ----    ----
   XDATA SIZE       =   ----    ----
   PDATA SIZE       =   ----    ----
   DATA SIZE        =   ----      22
   IDATA SIZE       =   ----    ----
   BIT SIZE         =   ----    ----
   EDATA SIZE       =   ----    ----
   HDATA SIZE       =   ----    ----
   XDATA CONST SIZE =   ----    ----
   FAR CONST SIZE   =   ----    ----
END OF MODULE INFORMATION.


C51 COMPILATION COMPLETE.  0 WARNING(S),  0 ERROR(S)
