C51 COMPILER V9.01   MAIN                                                                  08/20/2023 08:34:19 PAGE 1   


C51 COMPILER V9.01, COMPILATION OF MODULE MAIN
OBJECT MODULE PLACED IN main.OBJ
COMPILER INVOKED BY: C:\Keil\C51\BIN\C51.EXE main.c OMF2 BROWSE INCDIR(..\uart) DEBUG

line level    source

   1          #include <main.h>
   2          #include "..\Lib\Delay.h"
   3          #include "..\Lib\Uart.h"
   4          
   5          void main()
   6          {
   7   1      
   8   1              
   9   1              uart_init();
  10   1              while(1)
  11   1              {
  12   2      //              if(UART_READY())
  13   2      //              {
  14   2      //                      if(uart_read() == 0x01)
  15   2      //                      {
  16   2      //                              P1_0 = 1;
  17   2      //                      }
  18   2      //                      else
  19   2      //                      {
  20   2      //
  21   2      //                      }
  22   2      //              }
  23   2                      if(P3_2 == 0)
  24   2                      {
  25   3                              if(UART_READY())
  26   3                              {
  27   4                                      P1 = uart_read();
  28   4                                      Delay_ms(10000);
  29   4                                      P1 = uart_read();       
  30   4                              }
  31   3                      }
  32   2                      //while(UART_READY() == 0);
  33   2                      
  34   2      
  35   2              }
  36   1      }


MODULE INFORMATION:   STATIC OVERLAYABLE
   CODE SIZE        =     31    ----
   CONSTANT SIZE    =   ----    ----
   XDATA SIZE       =   ----    ----
   PDATA SIZE       =   ----    ----
   DATA SIZE        =   ----    ----
   IDATA SIZE       =   ----    ----
   BIT SIZE         =   ----    ----
   EDATA SIZE       =   ----    ----
   HDATA SIZE       =   ----    ----
   XDATA CONST SIZE =   ----    ----
   FAR CONST SIZE   =   ----    ----
END OF MODULE INFORMATION.


C51 COMPILATION COMPLETE.  0 WARNING(S),  0 ERROR(S)
