C51 COMPILER V9.01   MAIN                                                                  08/24/2023 22:39:49 PAGE 1   


C51 COMPILER V9.01, COMPILATION OF MODULE MAIN
OBJECT MODULE PLACED IN main.OBJ
COMPILER INVOKED BY: C:\Keil\C51\BIN\C51.EXE main.c OMF2 BROWSE INCDIR(..\Timer;..\Lib) DEBUG

line level    source

   1          #include"..\Lib\Delay.h"
   2          #include"main.h"
   3          
   4          void main()
   5          {
   6   1              unsigned char low,high;
   7   1              unsigned int num;
   8   1              TMOD &= 0xF0;   // XOA THANH GHI TREN TIMER 0
   9   1              TMOD |= 0x05;   // CHON CHE DO COUNTER, 16 BYTE
  10   1              TR0 = 1;        // bat timer 0
  11   1              while(1)
  12   1              {
  13   2                      num = TH0 << 8 | TL0;
  14   2                      P1 = num;
  15   2              }
  16   1      }
*** WARNING C280 IN LINE 6 OF MAIN.C: 'low': unreferenced local variable
*** WARNING C280 IN LINE 6 OF MAIN.C: 'high': unreferenced local variable
  17          


MODULE INFORMATION:   STATIC OVERLAYABLE
   CODE SIZE        =     20    ----
   CONSTANT SIZE    =   ----    ----
   XDATA SIZE       =   ----    ----
   PDATA SIZE       =   ----    ----
   DATA SIZE        =   ----       2
   IDATA SIZE       =   ----    ----
   BIT SIZE         =   ----    ----
   EDATA SIZE       =   ----    ----
   HDATA SIZE       =   ----    ----
   XDATA CONST SIZE =   ----    ----
   FAR CONST SIZE   =   ----    ----
END OF MODULE INFORMATION.


C51 COMPILATION COMPLETE.  2 WARNING(S),  0 ERROR(S)
