C51 COMPILER V9.01   MAIN                                                                  08/14/2023 21:19:14 PAGE 1   


C51 COMPILER V9.01, COMPILATION OF MODULE MAIN
OBJECT MODULE PLACED IN main.OBJ
COMPILER INVOKED BY: C:\Keil\C51\BIN\C51.EXE main.c BROWSE INCDIR(..\Lib;..\LCD) DEBUG OBJECTEXTEND

line level    source

   1          
   2          #include "main.h"
   3          #include "..\Lib\Delay.h"
   4          
   5          sbit LCD_RS = P2^0;
   6          sbit LCD_EN = P2^1;
   7          
   8          #define LCD_DATA  P3
   9          // gui lenh
  10          void Lcd_Cmd(unsigned char cmd)
  11          {
  12   1              LCD_RS = 0;
  13   1              LCD_DATA = cmd;
  14   1              LCD_EN = 0;
  15   1              LCD_EN = 1;
  16   1              if(cmd <= 0x02)
  17   1              {
  18   2                      Delay_ms(2);
  19   2              }
  20   1              else
  21   1              {
  22   2                      Delay_ms(1);
  23   2              }
  24   1      }
  25          // gui ky tu
  26          void Lcd_Chr_Cp(char c)
  27          {
  28   1              LCD_RS = 1;
  29   1              LCD_DATA = c;
  30   1              LCD_EN = 0;
  31   1              LCD_EN = 1;
  32   1              Delay_ms(1);
  33   1      }
  34          void Lcd_Chr(unsigned char row,unsigned char col, char c)
  35          {
  36   1              unsigned char cmd;
  37   1              cmd = (row == 1?0x80:0xC0) + col - 1;
  38   1              Lcd_Cmd(cmd);
  39   1              Lcd_Chr_Cp(c);
  40   1      }
  41          
  42          // gui chuoi
  43          void Lcd_Out_Cp(char *str)
  44          {
  45   1              unsigned char i = 0;
  46   1              while(str[i] != 0)
  47   1              {
  48   2                      Lcd_Chr_Cp(str[i]);
  49   2                      i++;
  50   2              }
  51   1      }
  52          void Lcd_Str(unsigned char row,unsigned char col, char *str)
  53          {
  54   1              unsigned char cmd;
  55   1              cmd = (row == 1?0x80:0xC0) + col - 1;
C51 COMPILER V9.01   MAIN                                                                  08/14/2023 21:19:14 PAGE 2   

  56   1              Lcd_Cmd(cmd);
  57   1              Lcd_Out_Cp(str);
  58   1      }
  59          void Lcd_Init()
  60          {
  61   1              Lcd_Cmd(0x30);
  62   1              Delay_ms(5);
  63   1              Lcd_Cmd(0x30);
  64   1              Delay_ms(1);
  65   1              Lcd_Cmd(0x30);
  66   1      
  67   1              Lcd_Cmd(0x38); // so dong hien thi la 2
  68   1      
  69   1              Lcd_Cmd(0x01);   // xoa noi dung hien thi
  70   1              Lcd_Cmd(0x0C);     // bat hien thi va tat con tro
  71   1      }
  72          void main()
  73          {
  74   1              int i;
  75   1              Lcd_Init();
  76   1      
  77   1              Lcd_Str(2,1,"tôi yeu dat nuoc cua toi");
  78   1              for(i=0;i<8;i++)
  79   1              {
  80   2                      Delay_ms(500);
  81   2                      Lcd_Cmd(0x18);
  82   2              }
  83   1              
  84   1      
  85   1              while(1)
  86   1              {
  87   2                      
  88   2              }
  89   1      }


MODULE INFORMATION:   STATIC OVERLAYABLE
   CODE SIZE        =    228    ----
   CONSTANT SIZE    =     25    ----
   XDATA SIZE       =   ----    ----
   PDATA SIZE       =   ----    ----
   DATA SIZE        =   ----      10
   IDATA SIZE       =   ----    ----
   BIT SIZE         =   ----    ----
END OF MODULE INFORMATION.


C51 COMPILATION COMPLETE.  0 WARNING(S),  0 ERROR(S)
