C51 COMPILER V9.01   MAIN                                                                  02/27/2014 14:04:04 PAGE 1   


C51 COMPILER V9.01, COMPILATION OF MODULE MAIN
OBJECT MODULE PLACED IN main.OBJ
COMPILER INVOKED BY: C:\Keil\C51\BIN\C51.EXE main.c OMF2 BROWSE DEBUG

line level    source

   1          #include"main.h"
   2          #include"..\lib\LCD4.h"
   3          
   4          void main()
   5          {
   6   1              Lcd_Init();
   7   1      
   8   1              Lcd_Chr(1,2,'A');
   9   1              Lcd_Chr_Cp('B');
  10   1              
  11   1              Lcd_Out(2,1,"Hello World");
  12   1      
  13   1              Lcd_Cmd(_LCD_CLEAR);
  14   1      
  15   1              Lcd_Out_Cp("123");
  16   1              while(1)
  17   1              {
  18   2      
  19   2              }
  20   1      }


MODULE INFORMATION:   STATIC OVERLAYABLE
   CODE SIZE        =     46    ----
   CONSTANT SIZE    =     16    ----
   XDATA SIZE       =   ----    ----
   PDATA SIZE       =   ----    ----
   DATA SIZE        =   ----    ----
   IDATA SIZE       =   ----    ----
   BIT SIZE         =   ----    ----
   EDATA SIZE       =   ----    ----
   HDATA SIZE       =   ----    ----
   XDATA CONST SIZE =   ----    ----
   FAR CONST SIZE   =   ----    ----
END OF MODULE INFORMATION.


C51 COMPILATION COMPLETE.  0 WARNING(S),  0 ERROR(S)
