C51 COMPILER V9.01   MAIN                                                                  09/17/2023 08:43:53 PAGE 1   


C51 COMPILER V9.01, COMPILATION OF MODULE MAIN
OBJECT MODULE PLACED IN main.OBJ
COMPILER INVOKED BY: C:\Keil\C51\BIN\C51.EXE main.c OMF2 BROWSE DEBUG

line level    source

   1          #include <main.h>
   2          #include "F:\KeilC\AT89C52\Lib\Delay.h"
   3          
   4          sbit SPI_SCLK   = P2^0;
   5          sbit SPI_MOSI   = P2^1;
   6          sbit SPI_MISO   = P2^2;
   7          sbit SPI_CS     = P2^3;
   8          
   9          void Soft_SPI_Init()
  10          {
  11   1              SPI_MISO = 1;
  12   1      }
  13          char Soft_SPI_Read(unsigned char x)
  14          {
  15   1              unsigned char i;
  16   1              unsigned char rev = 0;
  17   1      
  18   1              for(i = 0; i<8;i++)
  19   1              {
  20   2                      if((x&0x80)>>7 != 0)
  21   2                              SPI_MISO = 1;
  22   2                      else 
  23   2                              SPI_MISO = 0;
  24   2                      
  25   2                      while(SPI_SCLK == 0);
  26   2                      rev <<= 1;
  27   2                      if(SPI_MOSI)
  28   2                              rev |= 0x01;
  29   2                      x <<= 1;
  30   2                      //while(SPI_SCLK == 1);
  31   2              }
  32   1              while(SPI_CS == 0);
  33   1              return rev;
  34   1      
  35   1      }
  36          void main()
  37          {
  38   1              char num = 0;
  39   1              //char dem = 0;
  40   1              Soft_SPI_Init();
  41   1              while(1)
  42   1              {  
  43   2                      if(SPI_CS == 0)
  44   2                      num = Soft_SPI_Read(P1);
  45   2      
  46   2                      if(num != 0)
  47   2                      {
  48   3                              P1 = num;
  49   3                      }
  50   2              }
  51   1      }


MODULE INFORMATION:   STATIC OVERLAYABLE
   CODE SIZE        =     70    ----
C51 COMPILER V9.01   MAIN                                                                  09/17/2023 08:43:53 PAGE 2   

   CONSTANT SIZE    =   ----    ----
   XDATA SIZE       =   ----    ----
   PDATA SIZE       =   ----    ----
   DATA SIZE        =   ----    ----
   IDATA SIZE       =   ----    ----
   BIT SIZE         =   ----    ----
   EDATA SIZE       =   ----    ----
   HDATA SIZE       =   ----    ----
   XDATA CONST SIZE =   ----    ----
   FAR CONST SIZE   =   ----    ----
END OF MODULE INFORMATION.


C51 COMPILATION COMPLETE.  0 WARNING(S),  0 ERROR(S)
