C51 COMPILER V9.01   MAIN                                                                  09/17/2023 08:44:35 PAGE 1   


C51 COMPILER V9.01, COMPILATION OF MODULE MAIN
OBJECT MODULE PLACED IN main.OBJ
COMPILER INVOKED BY: C:\Keil\C51\BIN\C51.EXE main.c OMF2 BROWSE DEBUG

line level    source

   1          #include <main.h>
   2          #include "F:\KeilC\AT89C52\Lib\Delay.h"
   3          
   4          sbit SPI_SCLK   = P2^0;
   5          sbit SPI_MOSI   = P2^1;
   6          sbit SPI_MISO   = P2^2;
   7          sbit SPI_CS     = P2^3;
   8          
   9          void Soft_SPI_Init()
  10          {
  11   1              SPI_CS = 1;
  12   1              SPI_SCLK = 0;
  13   1              SPI_MOSI = 1;
  14   1      }
  15          void Delay_100us()
  16          {
  17   1              unsigned int y;
  18   1                      for(y=0;y<12;y++);
  19   1              
  20   1      }
  21          char Soft_SPI_Write(unsigned char x)
  22          {
  23   1              unsigned char i;
  24   1              unsigned char rev = 0;
  25   1              SPI_CS = 0;
  26   1              Delay_100us();
  27   1              for(i = 0; i<8;i++)
  28   1              {
  29   2                      if((x&0x80)>>7 != 0)
  30   2                              SPI_MOSI = 1;
  31   2                      else 
  32   2                              SPI_MOSI = 0;
  33   2      
  34   2      
  35   2                      SPI_SCLK = 1;
  36   2                      rev <<= 1;
  37   2                      if(SPI_MISO)
  38   2                              rev |= 0x01;
  39   2                      SPI_SCLK = 0;
  40   2                      x <<= 1;
  41   2              }
  42   1              SPI_CS = 1;
  43   1              return rev;
  44   1      }
  45          void main()
  46          {
  47   1              char num;
  48   1              unsigned char dem = 3;
  49   1              Soft_SPI_Init();
  50   1              while(1)
  51   1              {
  52   2              
  53   2                      num = Soft_SPI_Write(dem);
  54   2                      P1 = num;
  55   2                      dem++;
C51 COMPILER V9.01   MAIN                                                                  09/17/2023 08:44:35 PAGE 2   

  56   2                      Delay_ms(10);
  57   2              }
  58   1      }


MODULE INFORMATION:   STATIC OVERLAYABLE
   CODE SIZE        =    104    ----
   CONSTANT SIZE    =   ----    ----
   XDATA SIZE       =   ----    ----
   PDATA SIZE       =   ----    ----
   DATA SIZE        =   ----       2
   IDATA SIZE       =   ----    ----
   BIT SIZE         =   ----    ----
   EDATA SIZE       =   ----    ----
   HDATA SIZE       =   ----    ----
   XDATA CONST SIZE =   ----    ----
   FAR CONST SIZE   =   ----    ----
END OF MODULE INFORMATION.


C51 COMPILATION COMPLETE.  0 WARNING(S),  0 ERROR(S)
